<?xml version="1.0" encoding="UTF-8"?>
<Record>
  <Record>
  <Attributes>
    <Attributes>
    <AttributeType>Microsoft.Xrm.Sdk.AliasedValue</AttributeType>
    <FormattedValue>No</FormattedValue>
    <Key>Endorsed</Key>
    <Value>False</Value>
    </Attributes>
    <Attributes>
    <AttributeType>Microsoft.Xrm.Sdk.AliasedValue</AttributeType>
    <FormattedValue><p>The 2020 Rocky Mountain Fall Conference is coming to you. &nbsp;Join the virtual conference from the safety and convenience of your home, office or anywhere you like.</p> <p>The 2020 Rocky Mountain Fall Conference will feature speaker panels, roundtables and critical issue learning spanning three days. &nbsp;The virtual delivery of this year&rsquo;s conference increases the benefits of convenience, safety and value while preserving the fun, networking and timely information which are hallmarks of the conference. &nbsp;We will share practical solutions around modifications to programs in the time of COVID-19 with lessons learned from last summer to help you prepare for next summer. &nbsp;We will hear from Bob Ditter about dealing with the emotions of our participants, customers, staff and ourselves during this stressful and anxious time. &nbsp;We will explore the most relevant topics facing camp operators: Colorado and Wyoming laws and regulations, training staff virtually, increasing diversity, equity and inclusion and sharing the resources to keep camp safe and open for business.</p> <p>We know you are spending a lot of time on screens, so we are designing the conference with you in mind. &nbsp;You will not have to endure endless hours of staring at your computer, phone or tablet. &nbsp; The conference will happen with shorter bursts of education and plenty of time to connect with other Rocky Mountain camp directors. &nbsp;The content will be engaging, participatory and not &ldquo;sit and get&rdquo;. &nbsp;Not only are breaks built in to help you keep up with home and work commitments, you will also have access to all the recorded sessions in case you miss something you are interested in or were viewing a concurrent session. &nbsp;</p> <p>And we know you are looking forward to the fun. &nbsp; The committee is planning some great networking opportunities and socials that you won&rsquo;t want to miss. &nbsp;Throughout the conference you will &ldquo;learn by doing&rdquo; the best practices for virtual trainings and meetings that you can use to make your own online activities more engaging. &nbsp;</p> <p>Due to the economic challenges facing many camps as a result of the pandemic, ACA, Rocky Mountain Reserve Funds have been made available so that we can offer a subsidized rate. &nbsp;If you require financial assistance in order to attend the Rocky Mountain Fall Conference, please complete the scholarship application available on our Additional Information page.</p> <p>Participants will be able to access all sessions in a recorded format for one month following the event. &nbsp;Thus, participants will have access to the entire program&rsquo;s content, not just the sessions attended live.</p> </FormattedValue>
    <Key>Description</Key>
    <Value><p>The 2020 Rocky Mountain Fall Conference is coming to you. &nbsp;Join the virtual conference from the safety and convenience of your home, office or anywhere you like.</p> <p>The 2020 Rocky Mountain Fall Conference will feature speaker panels, roundtables and critical issue learning spanning three days. &nbsp;The virtual delivery of this year&rsquo;s conference increases the benefits of convenience, safety and value while preserving the fun, networking and timely information which are hallmarks of the conference. &nbsp;We will share practical solutions around modifications to programs in the time of COVID-19 with lessons learned from last summer to help you prepare for next summer. &nbsp;We will hear from Bob Ditter about dealing with the emotions of our participants, customers, staff and ourselves during this stressful and anxious time. &nbsp;We will explore the most relevant topics facing camp operators: Colorado and Wyoming laws and regulations, training staff virtually, increasing diversity, equity and inclusion and sharing the resources to keep camp safe and open for business.</p> <p>We know you are spending a lot of time on screens, so we are designing the conference with you in mind. &nbsp;You will not have to endure endless hours of staring at your computer, phone or tablet. &nbsp; The conference will happen with shorter bursts of education and plenty of time to connect with other Rocky Mountain camp directors. &nbsp;The content will be engaging, participatory and not &ldquo;sit and get&rdquo;. &nbsp;Not only are breaks built in to help you keep up with home and work commitments, you will also have access to all the recorded sessions in case you miss something you are interested in or were viewing a concurrent session. &nbsp;</p> <p>And we know you are looking forward to the fun. &nbsp; The committee is planning some great networking opportunities and socials that you won&rsquo;t want to miss. &nbsp;Throughout the conference you will &ldquo;learn by doing&rdquo; the best practices for virtual trainings and meetings that you can use to make your own online activities more engaging. &nbsp;</p> <p>Due to the economic challenges facing many camps as a result of the pandemic, ACA, Rocky Mountain Reserve Funds have been made available so that we can offer a subsidized rate. &nbsp;If you require financial assistance in order to attend the Rocky Mountain Fall Conference, please complete the scholarship application available on our Additional Information page.</p> <p>Participants will be able to access all sessions in a recorded format for one month following the event. &nbsp;Thus, participants will have access to the entire program&rsquo;s content, not just the sessions attended live.</p> </Value>
    </Attributes>
    <Attributes>
    <AttributeType>Microsoft.Xrm.Sdk.AliasedValue</AttributeType>
    <FormattedValue>Virtual - Zoom</FormattedValue>
    <Key>LocationName</Key>
    <Value>Virtual - Zoom</Value>
    </Attributes>
    <Attributes>
    <AttributeType>Microsoft.Xrm.Sdk.AliasedValue</AttributeType>
    <FormattedValue>https://www.acacamps.org/rockymountain/rocky-mountain-fall-conference</FormattedValue>
    <Key>URLMoreInfo</Key>
    <Value>https://www.acacamps.org/rockymountain/rocky-mountain-fall-conference</Value>
    </Attributes>
    <Attributes>
    <AttributeType>Microsoft.Xrm.Sdk.AliasedValue</AttributeType>
    <FormattedValue>e7145b57-f8e6-ea11-a817-000d3a98fefa</FormattedValue>
    <Key>MeetingID</Key>
    <Value>e7145b57-f8e6-ea11-a817-000d3a98fefa</Value>
    </Attributes>
    <Attributes>
    <AttributeType>e7145b57-f8e6-ea11-a817-000d3a98fefa</AttributeType>
    <FormattedValue>e7145b57-f8e6-ea11-a817-000d3a98fefa</FormattedValue>
    <Key>pa_eventmeetingsetupid</Key>
    <Value>e7145b57-f8e6-ea11-a817-000d3a98fefa</Value>
    </Attributes>
    <Attributes>
    <AttributeType>Microsoft.Xrm.Sdk.AliasedValue</AttributeType>
    <FormattedValue>RM 2020 Fall Virtual Conference</FormattedValue>
    <Key>Meeting_Name</Key>
    <Value>RM 2020 Fall Virtual Conference</Value>
    </Attributes>
    <Attributes>
    <AttributeType>Microsoft.Xrm.Sdk.AliasedValue</AttributeType>
    <FormattedValue>11/16/2020 9:30 AM</FormattedValue>
    <Key>Start_DateTime</Key>
    <Value>11/16/2020 9:30:00 AM</Value>
    </Attributes>
    <Attributes>
    <AttributeType>Microsoft.Xrm.Sdk.AliasedValue</AttributeType>
    <FormattedValue>Yes</FormattedValue>
    <Key>Published2Calendar</Key>
    <Value>True</Value>
    </Attributes>
    <Attributes>
    <AttributeType>Microsoft.Xrm.Sdk.AliasedValue</AttributeType>
    <FormattedValue>https://members.acacamps.org/Events/Meeting-Home-Page?meetingid={E7145B57-F8E6-EA11-A817-000D3A98FEFA}</FormattedValue>
    <Key>URLRegisterPath</Key>
    <Value>https://members.acacamps.org/Events/Meeting-Home-Page?meetingid={E7145B57-F8E6-EA11-A817-000D3A98FEFA}</Value>
    </Attributes>
    <Attributes>
    <AttributeType>Microsoft.Xrm.Sdk.AliasedValue</AttributeType>
    <FormattedValue>11/18/2020 1:00 PM</FormattedValue>
    <Key>End_DateTime</Key>
    <Value>11/18/2020 1:00:00 PM</Value>
    </Attributes>
    <Attributes>
    <AttributeType>Microsoft.Xrm.Sdk.AliasedValue</AttributeType>
    <FormattedValue>No</FormattedValue>
    <Key>Open_Closed</Key>
    <Value>False</Value>
    </Attributes>
    <Attributes>
    <AttributeType>Microsoft.Xrm.Sdk.AliasedValue</AttributeType>
    <FormattedValue>ACA Annual Conferences</FormattedValue>
    <Key>Event_Type</Key>
    <Value>6</Value>
    </Attributes>
    <Attributes>
    <AttributeType>Microsoft.Xrm.Sdk.AliasedValue</AttributeType>
    <FormattedValue>ACA, Rocky Mountain 2020 Fall Virtual Conference</FormattedValue>
    <Key>Event_Name</Key>
    <Value>ACA, Rocky Mountain 2020 Fall Virtual Conference</Value>
    </Attributes>
  <Attributes>
  <AttributeType>Microsoft.Xrm.Sdk.AliasedValue</AttributeType>
  <FormattedValue>7.50</FormattedValue>
  <Key>CECs</Key>
  <Value>7.5000000000</Value>
  </Attributes>
  <Attributes>
  <AttributeType>Microsoft.Xrm.Sdk.AliasedValue</AttributeType>
  <FormattedValue>Non-Simple Without Sessions</FormattedValue>
  <Key>MXEvent_Type</Key>
  <Value>2</Value>
  </Attributes>
  </Attributes>
  </Record>
  <Record>
  <Attributes>
  <Attributes>
  <AttributeType>Microsoft.Xrm.Sdk.AliasedValue</AttributeType>
  <FormattedValue>No</FormattedValue>
  <Key>Endorsed</Key>
  <Value>False</Value>
  </Attributes>
  <Attributes>
  <AttributeType>Microsoft.Xrm.Sdk.AliasedValue</AttributeType>
  <FormattedValue><p>The 2020 Southwest Camp Supervisors Seminar will feature speaker panels, roundtables and critical issue learning spanning two days with a bonus orientation meeting to help you sharpen your Zoom skills. &nbsp;The virtual delivery of this year&rsquo;s conference increases the benefits of convenience, safety and value while preserving the fun, networking and timely information which are hallmarks of the conference. &nbsp;We will share practical solutions around modifications to programs in the time of COVID-19 with lessons learned from last summer to help you prepare for next summer. &nbsp;We will explore the most relevant topics facing camp operators: state laws and regulations, training staff virtually, increasing diversity, equity and inclusion and sharing the resources to keep camp safe and open for business.</p> <p>We know you are spending a lot of time on screens, so we are designing the conference with you in mind. &nbsp;You will not have to endure endless hours of staring at your computer, phone or tablet. &nbsp; The conference will happen with shorter bursts of education and plenty of time to connect with other camp directors. &nbsp;The content will be engaging, participatory and not &ldquo;sit and get&rdquo;. &nbsp;As an added benefit, you will also have access to all the recorded sessions in case you miss something you are interested in or were viewing a concurrent session. &nbsp;</p> <p>And we know you are looking forward to the fun. &nbsp; The committee is planning some great networking opportunities and socials that you won&rsquo;t want to miss. &nbsp;Throughout the conference you will &ldquo;learn by doing&rdquo; the best practices for virtual trainings and meetings that you can use to make your own online activities more engaging. &nbsp;</p> <p>Due to the economic challenges facing many camps as a result of the pandemic, ACA, Southwest Reserve Funds have been made available so that we can offer a subsidized rate. &nbsp;If you require financial assistance in order to attend the Southwest Camp Supervisors Seminar, please complete the scholarship application available on our Additional Information page.</p> <p>Participants will be able to access all sessions in a recorded format for one month following the event. &nbsp;Thus, participants will have access to the entire program&rsquo;s content, not just the sessions attended live.</p> </FormattedValue>
  <Key>Description</Key>
  <Value><p>The 2020 Southwest Camp Supervisors Seminar will feature speaker panels, roundtables and critical issue learning spanning two days with a bonus orientation meeting to help you sharpen your Zoom skills. &nbsp;The virtual delivery of this year&rsquo;s conference increases the benefits of convenience, safety and value while preserving the fun, networking and timely information which are hallmarks of the conference. &nbsp;We will share practical solutions around modifications to programs in the time of COVID-19 with lessons learned from last summer to help you prepare for next summer. &nbsp;We will explore the most relevant topics facing camp operators: state laws and regulations, training staff virtually, increasing diversity, equity and inclusion and sharing the resources to keep camp safe and open for business.</p> <p>We know you are spending a lot of time on screens, so we are designing the conference with you in mind. &nbsp;You will not have to endure endless hours of staring at your computer, phone or tablet. &nbsp; The conference will happen with shorter bursts of education and plenty of time to connect with other camp directors. &nbsp;The content will be engaging, participatory and not &ldquo;sit and get&rdquo;. &nbsp;As an added benefit, you will also have access to all the recorded sessions in case you miss something you are interested in or were viewing a concurrent session. &nbsp;</p> <p>And we know you are looking forward to the fun. &nbsp; The committee is planning some great networking opportunities and socials that you won&rsquo;t want to miss. &nbsp;Throughout the conference you will &ldquo;learn by doing&rdquo; the best practices for virtual trainings and meetings that you can use to make your own online activities more engaging. &nbsp;</p> <p>Due to the economic challenges facing many camps as a result of the pandemic, ACA, Southwest Reserve Funds have been made available so that we can offer a subsidized rate. &nbsp;If you require financial assistance in order to attend the Southwest Camp Supervisors Seminar, please complete the scholarship application available on our Additional Information page.</p> <p>Participants will be able to access all sessions in a recorded format for one month following the event. &nbsp;Thus, participants will have access to the entire program&rsquo;s content, not just the sessions attended live.</p> </Value>
  </Attributes>
  <Attributes>
  <AttributeType>Microsoft.Xrm.Sdk.AliasedValue</AttributeType>
  <FormattedValue>Virtual - Zoom</FormattedValue>
  <Key>LocationName</Key>
  <Value>Virtual - Zoom</Value>
  </Attributes>
  <Attributes>
  <AttributeType>Microsoft.Xrm.Sdk.AliasedValue</AttributeType>
  <FormattedValue>01d7588b-2ae9-ea11-a817-000d3a98fefa</FormattedValue>
  <Key>MeetingID</Key>
  <Value>01d7588b-2ae9-ea11-a817-000d3a98fefa</Value>
  </Attributes>
  <Attributes>
  <AttributeType>01d7588b-2ae9-ea11-a817-000d3a98fefa</AttributeType>
  <FormattedValue>01d7588b-2ae9-ea11-a817-000d3a98fefa</FormattedValue>
  <Key>pa_eventmeetingsetupid</Key>
  <Value>01d7588b-2ae9-ea11-a817-000d3a98fefa</Value>
  </Attributes>
  <Attributes>
  <AttributeType>Microsoft.Xrm.Sdk.AliasedValue</AttributeType>
  <FormattedValue>SW Camp Supervisors Seminar - Virtual 10/13-15/20</FormattedValue>
  <Key>Meeting_Name</Key>
  <Value>SW Camp Supervisors Seminar - Virtual 10/13-15/20</Value>
  </Attributes>
  <Attributes>
  <AttributeType>Microsoft.Xrm.Sdk.AliasedValue</AttributeType>
  <FormattedValue>10/13/2020 9:30 AM</FormattedValue>
  <Key>Start_DateTime</Key>
  <Value>10/13/2020 9:30:00 AM</Value>
  </Attributes>
  <Attributes>
  <AttributeType>Microsoft.Xrm.Sdk.AliasedValue</AttributeType>
  <FormattedValue>Yes</FormattedValue>
  <Key>Published2Calendar</Key>
  <Value>True</Value>
  </Attributes>
  <Attributes>
  <AttributeType>Microsoft.Xrm.Sdk.AliasedValue</AttributeType>
  <FormattedValue>Non-Simple Without Sessions</FormattedValue>
  <Key>MXEvent_Type</Key>
  <Value>2</Value>
  </Attributes>
  <Attributes>
  <AttributeType>Microsoft.Xrm.Sdk.AliasedValue</AttributeType>
  <FormattedValue>10/15/2020 1:00 PM</FormattedValue>
  <Key>End_DateTime</Key>
  <Value>10/15/2020 1:00:00 PM</Value>
  </Attributes>
  <Attributes>
  <AttributeType>Microsoft.Xrm.Sdk.AliasedValue</AttributeType>
  <FormattedValue>No</FormattedValue>
  <Key>Open_Closed</Key>
  <Value>False</Value>
  </Attributes>
  <Attributes>
  <AttributeType>Microsoft.Xrm.Sdk.AliasedValue</AttributeType>
  <FormattedValue>ACA Local Events</FormattedValue>
  <Key>Event_Type</Key>
  <Value>11</Value>
  </Attributes>
  <Attributes>
  <AttributeType>Microsoft.Xrm.Sdk.AliasedValue</AttributeType>
  <FormattedValue>ACA, Southwest Camp Supervisors Seminar - Virtual</FormattedValue>
  <Key>Event_Name</Key>
  <Value>ACA, Southwest Camp Supervisors Seminar - Virtual</Value>
  </Attributes>
  <Attributes>
  <AttributeType>Microsoft.Xrm.Sdk.AliasedValue</AttributeType>
  <FormattedValue>4.00</FormattedValue>
  <Key>CECs</Key>
  <Value>4.0000000000</Value>
  </Attributes>
  </Attributes>
  </Record>
  <Record>
  <Attributes>
  <Attributes>
  <AttributeType>Microsoft.Xrm.Sdk.AliasedValue</AttributeType>
  <FormattedValue>Yes</FormattedValue>
  <Key>Endorsed</Key>
  <Value>True</Value>
  </Attributes>
  <Attributes>
  <AttributeType>Microsoft.Xrm.Sdk.AliasedValue</AttributeType>
  <FormattedValue><p>This is testing info for Ask Me Anything</p> </FormattedValue>
  <Key>Description</Key>
  <Value><p>This is testing info for Ask Me Anything</p> </Value>
  </Attributes>
  <Attributes>
  <AttributeType>Microsoft.Xrm.Sdk.AliasedValue</AttributeType>
  <FormattedValue>ACA National Online</FormattedValue>
  <Key>LocationName</Key>
  <Value>ACA National Online</Value>
  </Attributes>
  <Attributes>
  <AttributeType>Microsoft.Xrm.Sdk.AliasedValue</AttributeType>
  <FormattedValue>94f9fde0-45e2-ea11-a813-000d3a102d7a</FormattedValue>
  <Key>MeetingID</Key>
  <Value>94f9fde0-45e2-ea11-a813-000d3a102d7a</Value>
  </Attributes>
  <Attributes>
  <AttributeType>94f9fde0-45e2-ea11-a813-000d3a102d7a</AttributeType>
  <FormattedValue>94f9fde0-45e2-ea11-a813-000d3a102d7a</FormattedValue>
  <Key>pa_eventmeetingsetupid</Key>
  <Value>94f9fde0-45e2-ea11-a813-000d3a102d7a</Value>
  </Attributes>
  <Attributes>
  <AttributeType>Microsoft.Xrm.Sdk.AliasedValue</AttributeType>
  <FormattedValue>*TESTING - ACA 2021 Ask Me Anything</FormattedValue>
  <Key>Meeting_Name</Key>
  <Value>*TESTING - ACA 2021 Ask Me Anything</Value>
  </Attributes>
  <Attributes>
  <AttributeType>Microsoft.Xrm.Sdk.AliasedValue</AttributeType>
  <FormattedValue>08/21/2020 1:00 PM</FormattedValue>
  <Key>Start_DateTime</Key>
  <Value>8/21/2020 1:00:00 PM</Value>
  </Attributes>
  <Attributes>
  <AttributeType>Microsoft.Xrm.Sdk.AliasedValue</AttributeType>
  <FormattedValue>Yes</FormattedValue>
  <Key>Published2Calendar</Key>
  <Value>True</Value>
  </Attributes>
  <Attributes>
  <AttributeType>Microsoft.Xrm.Sdk.AliasedValue</AttributeType>
  <FormattedValue>https://members.acacamps.org/Events/Meeting-Home-Page?meetingid={94F9FDE0-45E2-EA11-A813-000D3A102D7A}</FormattedValue>
  <Key>URLRegisterPath</Key>
  <Value>https://members.acacamps.org/Events/Meeting-Home-Page?meetingid={94F9FDE0-45E2-EA11-A813-000D3A102D7A}</Value>
  </Attributes>
  <Attributes>
  <AttributeType>Microsoft.Xrm.Sdk.AliasedValue</AttributeType>
  <FormattedValue>08/21/2020 2:00 PM</FormattedValue>
  <Key>End_DateTime</Key>
  <Value>8/21/2020 2:00:00 PM</Value>
  </Attributes>
  <Attributes>
  <AttributeType>Microsoft.Xrm.Sdk.AliasedValue</AttributeType>
  <FormattedValue>No</FormattedValue>
  <Key>Open_Closed</Key>
  <Value>False</Value>
  </Attributes>
  <Attributes>
  <AttributeType>Microsoft.Xrm.Sdk.AliasedValue</AttributeType>
  <FormattedValue>Accreditation Process Workshops</FormattedValue>
  <Key>Event_Type</Key>
  <Value>100000000</Value>
  </Attributes>
  <Attributes>
  <AttributeType>Microsoft.Xrm.Sdk.AliasedValue</AttributeType>
  <FormattedValue>*TESTING - ACA 2021 Ask Me Anything</FormattedValue>
  <Key>Event_Name</Key>
  <Value>*TESTING - ACA 2021 Ask Me Anything</Value>
  </Attributes>
  <Attributes>
  <AttributeType>Microsoft.Xrm.Sdk.AliasedValue</AttributeType>
  <FormattedValue>1.00</FormattedValue>
  <Key>CECs</Key>
  <Value>1.0000000000</Value>
  </Attributes>
  <Attributes>
  <AttributeType>Microsoft.Xrm.Sdk.AliasedValue</AttributeType>
  <FormattedValue>Non-Simple With Sessions</FormattedValue>
  <Key>MXEvent_Type</Key>
  <Value>1</Value>
  </Attributes>
  </Attributes>
  </Record>
  <Record>
  <Attributes>
  <Attributes>
  <AttributeType>Microsoft.Xrm.Sdk.AliasedValue</AttributeType>
  <FormattedValue>No</FormattedValue>
  <Key>Endorsed</Key>
  <Value>False</Value>
  </Attributes>
  <Attributes>
  <AttributeType>Microsoft.Xrm.Sdk.AliasedValue</AttributeType>
  <FormattedValue><p><span style="font-size:12px"><span style="font-family:Arial,Helvetica,sans-serif">Are<em>&nbsp;you leading your camp through a fundraising campaign this summer?&nbsp;</em>﻿</span></span></p> <p><span style="font-size:12px"><span style="font-family:Arial,Helvetica,sans-serif">While we know most camps don&#39;t actively fundraise during the summer, COVID-19 has changed many of our plans, putting camps in a situation where they need to be raising more money than ever and on different timelines than usual.</span></span></p> <p><span style="font-size:12px"><span style="font-family:Arial,Helvetica,sans-serif">If this resonates with you and you&#39;d like to discuss&nbsp;and workshop ideas, challenges, and strategies related to your summer 2020 fundraising, join ACA, New England and a small group of your New England camp colleagues engaged in similar work to build a community of support. While the group will be lightly moderated, it is designed to encourage YOU to learn and share with each other.&nbsp;<strong>So, co</strong><strong>me prepared to actively participate and engage (cameras and mics on)!</strong></span></span></p> <p><span style="font-size:12px"><span style="font-family:Arial,Helvetica,sans-serif">The group will convene on Zoom from 10:00 - 11:30 am ET on the following dates:</span></span></p> <ul> <li><span style="font-size:12px"><span style="font-family:Arial,Helvetica,sans-serif">Wednesday, July 22</span></span></li> <li><span style="font-size:12px"><span style="font-family:Arial,Helvetica,sans-serif">Wednesday, July 29</span></span></li> <li><span style="font-size:12px"><span style="font-family:Arial,Helvetica,sans-serif">Wednesday, August 12&nbsp;</span></span></li> </ul> </FormattedValue>
  <Key>Description</Key>
  <Value><p><span style="font-size:12px"><span style="font-family:Arial,Helvetica,sans-serif">Are<em>&nbsp;you leading your camp through a fundraising campaign this summer?&nbsp;</em>﻿</span></span></p> <p><span style="font-size:12px"><span style="font-family:Arial,Helvetica,sans-serif">While we know most camps don&#39;t actively fundraise during the summer, COVID-19 has changed many of our plans, putting camps in a situation where they need to be raising more money than ever and on different timelines than usual.</span></span></p> <p><span style="font-size:12px"><span style="font-family:Arial,Helvetica,sans-serif">If this resonates with you and you&#39;d like to discuss&nbsp;and workshop ideas, challenges, and strategies related to your summer 2020 fundraising, join ACA, New England and a small group of your New England camp colleagues engaged in similar work to build a community of support. While the group will be lightly moderated, it is designed to encourage YOU to learn and share with each other.&nbsp;<strong>So, co</strong><strong>me prepared to actively participate and engage (cameras and mics on)!</strong></span></span></p> <p><span style="font-size:12px"><span style="font-family:Arial,Helvetica,sans-serif">The group will convene on Zoom from 10:00 - 11:30 am ET on the following dates:</span></span></p> <ul> <li><span style="font-size:12px"><span style="font-family:Arial,Helvetica,sans-serif">Wednesday, July 22</span></span></li> <li><span style="font-size:12px"><span style="font-family:Arial,Helvetica,sans-serif">Wednesday, July 29</span></span></li> <li><span style="font-size:12px"><span style="font-family:Arial,Helvetica,sans-serif">Wednesday, August 12&nbsp;</span></span></li> </ul> </Value>
  </Attributes>
  <Attributes>
  <AttributeType>Microsoft.Xrm.Sdk.AliasedValue</AttributeType>
  <FormattedValue>Online (ACA, New England's Zoom)</FormattedValue>
  <Key>LocationName</Key>
  <Value>Online (ACA, New England's Zoom)</Value>
  </Attributes>
  <Attributes>
  <AttributeType>Microsoft.Xrm.Sdk.AliasedValue</AttributeType>
  <FormattedValue>http://www.acanewengland.org/for-counselors-and-camp-professionals/professional-calendar/summer-fundraising-2020-conversations</FormattedValue>
  <Key>URLMoreInfo</Key>
  <Value>http://www.acanewengland.org/for-counselors-and-camp-professionals/professional-calendar/summer-fundraising-2020-conversations</Value>
  </Attributes>
  <Attributes>
  <AttributeType>Microsoft.Xrm.Sdk.AliasedValue</AttributeType>
  <FormattedValue>59c039cf-b4bf-ea11-80ef-109836b38501</FormattedValue>
  <Key>MeetingID</Key>
  <Value>59c039cf-b4bf-ea11-80ef-109836b38501</Value>
  </Attributes>
  <Attributes>
  <AttributeType>59c039cf-b4bf-ea11-80ef-109836b38501</AttributeType>
  <FormattedValue>59c039cf-b4bf-ea11-80ef-109836b38501</FormattedValue>
  <Key>pa_eventmeetingsetupid</Key>
  <Value>59c039cf-b4bf-ea11-80ef-109836b38501</Value>
  </Attributes>
  <Attributes>
  <AttributeType>Microsoft.Xrm.Sdk.AliasedValue</AttributeType>
  <FormattedValue>NE Summer Fundraising 2020 Community</FormattedValue>
  <Key>Meeting_Name</Key>
  <Value>NE Summer Fundraising 2020 Community</Value>
  </Attributes>
  <Attributes>
  <AttributeType>Microsoft.Xrm.Sdk.AliasedValue</AttributeType>
  <FormattedValue>07/22/2020 10:00 AM</FormattedValue>
  <Key>Start_DateTime</Key>
  <Value>7/22/2020 10:00:00 AM</Value>
  </Attributes>
  <Attributes>
  <AttributeType>Microsoft.Xrm.Sdk.AliasedValue</AttributeType>
  <FormattedValue>Yes</FormattedValue>
  <Key>Published2Calendar</Key>
  <Value>True</Value>
  </Attributes>
  <Attributes>
  <AttributeType>Microsoft.Xrm.Sdk.AliasedValue</AttributeType>
  <FormattedValue>https://members.acacamps.org/Events/Meeting-Home-Page?meetingid={59C039CF-B4BF-EA11-80EF-109836B38501}</FormattedValue>
  <Key>URLRegisterPath</Key>
  <Value>https://members.acacamps.org/Events/Meeting-Home-Page?meetingid={59C039CF-B4BF-EA11-80EF-109836B38501}</Value>
  </Attributes>
  <Attributes>
  <AttributeType>Microsoft.Xrm.Sdk.AliasedValue</AttributeType>
  <FormattedValue>08/12/2020 11:30 AM</FormattedValue>
  <Key>End_DateTime</Key>
  <Value>8/12/2020 11:30:00 AM</Value>
  </Attributes>
  <Attributes>
  <AttributeType>Microsoft.Xrm.Sdk.AliasedValue</AttributeType>
  <FormattedValue>Yes</FormattedValue>
  <Key>Open_Closed</Key>
  <Value>True</Value>
  </Attributes>
  <Attributes>
  <AttributeType>Microsoft.Xrm.Sdk.AliasedValue</AttributeType>
  <FormattedValue>ACA Local Events</FormattedValue>
  <Key>Event_Type</Key>
  <Value>11</Value>
  </Attributes>
  <Attributes>
  <AttributeType>Microsoft.Xrm.Sdk.AliasedValue</AttributeType>
  <FormattedValue>Summer Fundraising 2020 Community</FormattedValue>
  <Key>Event_Name</Key>
  <Value>Summer Fundraising 2020 Community</Value>
  </Attributes>
  <Attributes>
  <AttributeType>Microsoft.Xrm.Sdk.AliasedValue</AttributeType>
  <FormattedValue>Non-Simple Without Sessions</FormattedValue>
  <Key>MXEvent_Type</Key>
  <Value>2</Value>
  </Attributes>
  </Attributes>
  </Record>
</Record>
